<?xml version="1.0" encoding="UTF-8"?>
<coverage generated="1548825073846" clover="3.2.0">
  <project timestamp="1548825073846" name="All files">
    <metrics statements="201" coveredstatements="82" conditionals="118" coveredconditionals="20" methods="77" coveredmethods="23" elements="396" coveredelements="125" complexity="0" loc="201" ncloc="201" packages="6" files="18" classes="18">
      <package name="src">
        <metrics statements="52" coveredstatements="0" conditionals="34" coveredconditionals="0" methods="15" coveredmethods="0"/>
        <file name="index.js" path="/Users/dimaka77/code/companySearch/src/index.js">
          <metrics statements="14" coveredstatements="0" conditionals="2" coveredconditionals="0" methods="0" coveredmethods="0"/>
          <line num="1" count="0" type="stmt"/>
          <line num="2" count="0" type="stmt"/>
          <line num="3" count="0" type="stmt"/>
          <line num="4" count="0" type="stmt"/>
          <line num="5" count="0" type="stmt"/>
          <line num="6" count="0" type="stmt"/>
          <line num="7" count="0" type="stmt"/>
          <line num="8" count="0" type="stmt"/>
          <line num="9" count="0" type="stmt"/>
          <line num="10" count="0" type="stmt"/>
          <line num="13" count="0" type="stmt"/>
          <line num="14" count="0" type="cond" truecount="0" falsecount="2"/>
          <line num="15" count="0" type="stmt"/>
          <line num="27" count="0" type="stmt"/>
        </file>
        <file name="serviceWorker.js" path="/Users/dimaka77/code/companySearch/src/serviceWorker.js">
          <metrics statements="38" coveredstatements="0" conditionals="32" coveredconditionals="0" methods="15" coveredmethods="0"/>
          <line num="13" count="0" type="stmt"/>
          <line num="24" count="0" type="cond" truecount="0" falsecount="4"/>
          <line num="26" count="0" type="stmt"/>
          <line num="27" count="0" type="cond" truecount="0" falsecount="2"/>
          <line num="31" count="0" type="stmt"/>
          <line num="34" count="0" type="stmt"/>
          <line num="35" count="0" type="stmt"/>
          <line num="37" count="0" type="cond" truecount="0" falsecount="2"/>
          <line num="39" count="0" type="stmt"/>
          <line num="43" count="0" type="stmt"/>
          <line num="44" count="0" type="stmt"/>
          <line num="51" count="0" type="stmt"/>
          <line num="58" count="0" type="stmt"/>
          <line num="61" count="0" type="stmt"/>
          <line num="62" count="0" type="stmt"/>
          <line num="63" count="0" type="cond" truecount="0" falsecount="2"/>
          <line num="64" count="0" type="stmt"/>
          <line num="66" count="0" type="stmt"/>
          <line num="67" count="0" type="cond" truecount="0" falsecount="2"/>
          <line num="68" count="0" type="cond" truecount="0" falsecount="2"/>
          <line num="72" count="0" type="stmt"/>
          <line num="78" count="0" type="cond" truecount="0" falsecount="4"/>
          <line num="79" count="0" type="stmt"/>
          <line num="85" count="0" type="stmt"/>
          <line num="88" count="0" type="cond" truecount="0" falsecount="4"/>
          <line num="89" count="0" type="stmt"/>
          <line num="97" count="0" type="stmt"/>
          <line num="103" count="0" type="stmt"/>
          <line num="106" count="0" type="stmt"/>
          <line num="107" count="0" type="cond" truecount="0" falsecount="2"/>
          <line num="112" count="0" type="stmt"/>
          <line num="113" count="0" type="stmt"/>
          <line num="114" count="0" type="stmt"/>
          <line num="119" count="0" type="stmt"/>
          <line num="123" count="0" type="stmt"/>
          <line num="130" count="0" type="cond" truecount="0" falsecount="2"/>
          <line num="131" count="0" type="stmt"/>
          <line num="132" count="0" type="stmt"/>
        </file>
      </package>
      <package name="src.action_creators">
        <metrics statements="31" coveredstatements="2" conditionals="16" coveredconditionals="0" methods="19" coveredmethods="0"/>
        <file name="Main.js" path="/Users/dimaka77/code/companySearch/src/action_creators/Main.js">
          <metrics statements="31" coveredstatements="2" conditionals="16" coveredconditionals="0" methods="19" coveredmethods="0"/>
          <line num="5" count="1" type="stmt"/>
          <line num="9" count="1" type="stmt"/>
          <line num="19" count="0" type="stmt"/>
          <line num="21" count="0" type="stmt"/>
          <line num="22" count="0" type="stmt"/>
          <line num="24" count="0" type="stmt"/>
          <line num="28" count="0" type="stmt"/>
          <line num="38" count="0" type="stmt"/>
          <line num="40" count="0" type="stmt"/>
          <line num="41" count="0" type="stmt"/>
          <line num="43" count="0" type="stmt"/>
          <line num="47" count="0" type="stmt"/>
          <line num="57" count="0" type="stmt"/>
          <line num="59" count="0" type="stmt"/>
          <line num="60" count="0" type="stmt"/>
          <line num="62" count="0" type="stmt"/>
          <line num="66" count="0" type="stmt"/>
          <line num="76" count="0" type="stmt"/>
          <line num="78" count="0" type="stmt"/>
          <line num="84" count="0" type="stmt"/>
          <line num="85" count="0" type="stmt"/>
          <line num="91" count="0" type="stmt"/>
          <line num="103" count="0" type="stmt"/>
          <line num="104" count="0" type="stmt"/>
          <line num="106" count="0" type="stmt"/>
          <line num="111" count="0" type="stmt"/>
          <line num="113" count="0" type="stmt"/>
          <line num="115" count="0" type="stmt"/>
          <line num="119" count="0" type="stmt"/>
          <line num="122" count="0" type="stmt"/>
          <line num="126" count="0" type="stmt"/>
        </file>
      </package>
      <package name="src.components.containers">
        <metrics statements="48" coveredstatements="15" conditionals="43" coveredconditionals="9" methods="24" coveredmethods="9"/>
        <file name="App.js" path="/Users/dimaka77/code/companySearch/src/components/containers/App.js">
          <metrics statements="47" coveredstatements="14" conditionals="43" coveredconditionals="9" methods="23" coveredmethods="8"/>
          <line num="39" count="1" type="stmt"/>
          <line num="41" count="1" type="stmt"/>
          <line num="50" count="1" type="stmt"/>
          <line num="54" count="1" type="stmt"/>
          <line num="63" count="0" type="stmt"/>
          <line num="75" count="0" type="cond" truecount="0" falsecount="2"/>
          <line num="76" count="0" type="stmt"/>
          <line num="88" count="0" type="stmt"/>
          <line num="90" count="0" type="stmt"/>
          <line num="92" count="0" type="cond" truecount="0" falsecount="2"/>
          <line num="93" count="0" type="stmt"/>
          <line num="96" count="0" type="stmt"/>
          <line num="97" count="0" type="stmt"/>
          <line num="113" count="0" type="stmt"/>
          <line num="126" count="1" type="stmt"/>
          <line num="128" count="1" type="stmt"/>
          <line num="150" count="0" type="stmt"/>
          <line num="164" count="0" type="stmt"/>
          <line num="182" count="0" type="stmt"/>
          <line num="183" count="0" type="stmt"/>
          <line num="201" count="0" type="stmt"/>
          <line num="202" count="0" type="stmt"/>
          <line num="204" count="0" type="stmt"/>
          <line num="220" count="0" type="stmt"/>
          <line num="222" count="0" type="stmt"/>
          <line num="223" count="0" type="stmt"/>
          <line num="225" count="0" type="cond" truecount="0" falsecount="4"/>
          <line num="226" count="0" type="stmt"/>
          <line num="227" count="0" type="cond" truecount="0" falsecount="4"/>
          <line num="228" count="0" type="stmt"/>
          <line num="229" count="0" type="cond" truecount="0" falsecount="4"/>
          <line num="230" count="0" type="stmt"/>
          <line num="232" count="0" type="stmt"/>
          <line num="244" count="0" type="stmt"/>
          <line num="245" count="0" type="stmt"/>
          <line num="247" count="0" type="stmt"/>
          <line num="259" count="0" type="stmt"/>
          <line num="272" count="1" type="stmt"/>
          <line num="273" count="1" type="cond" truecount="1" falsecount="1"/>
          <line num="274" count="1" type="stmt"/>
          <line num="286" count="0" type="stmt"/>
          <line num="287" count="0" type="stmt"/>
          <line num="298" count="1" type="stmt"/>
          <line num="300" count="1" type="stmt"/>
          <line num="329" count="1" type="stmt"/>
          <line num="331" count="1" type="stmt"/>
          <line num="338" count="1" type="stmt"/>
        </file>
        <file name="App.styles.js" path="/Users/dimaka77/code/companySearch/src/components/containers/App.styles.js">
          <metrics statements="1" coveredstatements="1" conditionals="0" coveredconditionals="0" methods="1" coveredmethods="1"/>
          <line num="1" count="1" type="stmt"/>
        </file>
      </package>
      <package name="src.components.simple">
        <metrics statements="48" coveredstatements="48" conditionals="13" coveredconditionals="7" methods="15" coveredmethods="13"/>
        <file name="EmptyPage.js" path="/Users/dimaka77/code/companySearch/src/components/simple/EmptyPage.js">
          <metrics statements="8" coveredstatements="8" conditionals="2" coveredconditionals="1" methods="1" coveredmethods="1"/>
          <line num="7" count="9" type="stmt"/>
          <line num="24" count="9" type="stmt"/>
          <line num="25" count="2" type="stmt"/>
          <line num="26" count="2" type="stmt"/>
          <line num="30" count="2" type="cond" truecount="1" falsecount="1"/>
          <line num="32" count="2" type="stmt"/>
          <line num="40" count="9" type="stmt"/>
          <line num="46" count="9" type="stmt"/>
        </file>
        <file name="GithubRepoItem.js" path="/Users/dimaka77/code/companySearch/src/components/simple/GithubRepoItem.js">
          <metrics statements="6" coveredstatements="6" conditionals="0" coveredconditionals="0" methods="2" coveredmethods="2"/>
          <line num="9" count="9" type="stmt"/>
          <line num="27" count="9" type="stmt"/>
          <line num="35" count="1" type="stmt"/>
          <line num="37" count="1" type="stmt"/>
          <line num="72" count="9" type="stmt"/>
          <line num="81" count="9" type="stmt"/>
        </file>
        <file name="GithubSection.js" path="/Users/dimaka77/code/companySearch/src/components/simple/GithubSection.js">
          <metrics statements="6" coveredstatements="6" conditionals="6" coveredconditionals="3" methods="2" coveredmethods="2"/>
          <line num="6" count="9" type="stmt"/>
          <line num="24" count="9" type="stmt"/>
          <line num="32" count="1" type="stmt"/>
          <line num="33" count="1" type="stmt"/>
          <line num="61" count="9" type="stmt"/>
          <line num="70" count="9" type="stmt"/>
        </file>
        <file name="ImageEmptyState.js" path="/Users/dimaka77/code/companySearch/src/components/simple/ImageEmptyState.js">
          <metrics statements="5" coveredstatements="5" conditionals="0" coveredconditionals="0" methods="1" coveredmethods="1"/>
          <line num="4" count="9" type="stmt"/>
          <line num="5" count="3" type="stmt"/>
          <line num="6" count="3" type="stmt"/>
          <line num="69" count="9" type="stmt"/>
          <line num="73" count="9" type="stmt"/>
        </file>
        <file name="ImageNoResults.js" path="/Users/dimaka77/code/companySearch/src/components/simple/ImageNoResults.js">
          <metrics statements="5" coveredstatements="5" conditionals="0" coveredconditionals="0" methods="1" coveredmethods="1"/>
          <line num="4" count="9" type="stmt"/>
          <line num="5" count="1" type="stmt"/>
          <line num="6" count="1" type="stmt"/>
          <line num="51" count="9" type="stmt"/>
          <line num="55" count="9" type="stmt"/>
        </file>
        <file name="MediaCard.js" path="/Users/dimaka77/code/companySearch/src/components/simple/MediaCard.js">
          <metrics statements="6" coveredstatements="6" conditionals="0" coveredconditionals="0" methods="2" coveredmethods="2"/>
          <line num="9" count="9" type="stmt"/>
          <line num="38" count="9" type="stmt"/>
          <line num="44" count="1" type="stmt"/>
          <line num="45" count="1" type="stmt"/>
          <line num="67" count="9" type="stmt"/>
          <line num="74" count="9" type="stmt"/>
        </file>
        <file name="SearchInput.js" path="/Users/dimaka77/code/companySearch/src/components/simple/SearchInput.js">
          <metrics statements="6" coveredstatements="6" conditionals="5" coveredconditionals="3" methods="4" coveredmethods="2"/>
          <line num="11" count="9" type="cond" truecount="0" falsecount="1"/>
          <line num="38" count="9" type="stmt"/>
          <line num="46" count="2" type="stmt"/>
          <line num="47" count="2" type="stmt"/>
          <line num="70" count="9" type="stmt"/>
          <line num="79" count="9" type="stmt"/>
        </file>
        <file name="WikiSection.js" path="/Users/dimaka77/code/companySearch/src/components/simple/WikiSection.js">
          <metrics statements="6" coveredstatements="6" conditionals="0" coveredconditionals="0" methods="2" coveredmethods="2"/>
          <line num="5" count="9" type="stmt"/>
          <line num="14" count="9" type="stmt"/>
          <line num="19" count="1" type="stmt"/>
          <line num="20" count="1" type="stmt"/>
          <line num="29" count="9" type="stmt"/>
          <line num="35" count="9" type="stmt"/>
        </file>
        <file name="index.js" path="/Users/dimaka77/code/companySearch/src/components/simple/index.js">
          <metrics statements="0" coveredstatements="0" conditionals="0" coveredconditionals="0" methods="0" coveredmethods="0"/>
        </file>
      </package>
      <package name="src.constants">
        <metrics statements="9" coveredstatements="9" conditionals="0" coveredconditionals="0" methods="0" coveredmethods="0"/>
        <file name="ActionConstants.js" path="/Users/dimaka77/code/companySearch/src/constants/ActionConstants.js">
          <metrics statements="7" coveredstatements="7" conditionals="0" coveredconditionals="0" methods="0" coveredmethods="0"/>
          <line num="2" count="1" type="stmt"/>
          <line num="3" count="1" type="stmt"/>
          <line num="6" count="1" type="stmt"/>
          <line num="7" count="1" type="stmt"/>
          <line num="8" count="1" type="stmt"/>
          <line num="9" count="1" type="stmt"/>
          <line num="10" count="1" type="stmt"/>
        </file>
        <file name="ReducerConstants.js" path="/Users/dimaka77/code/companySearch/src/constants/ReducerConstants.js">
          <metrics statements="2" coveredstatements="2" conditionals="0" coveredconditionals="0" methods="0" coveredmethods="0"/>
          <line num="1" count="1" type="stmt"/>
          <line num="2" count="1" type="stmt"/>
        </file>
      </package>
      <package name="src.reducers">
        <metrics statements="13" coveredstatements="8" conditionals="12" coveredconditionals="4" methods="4" coveredmethods="1"/>
        <file name="Main.js" path="/Users/dimaka77/code/companySearch/src/reducers/Main.js">
          <metrics statements="12" coveredstatements="7" conditionals="12" coveredconditionals="4" methods="4" coveredmethods="1"/>
          <line num="5" count="1" type="stmt"/>
          <line num="18" count="1" type="cond" truecount="0" falsecount="1"/>
          <line num="19" count="0" type="stmt"/>
          <line num="20" count="0" type="stmt"/>
          <line num="23" count="1" type="stmt"/>
          <line num="25" count="1" type="stmt"/>
          <line num="28" count="3" type="cond" truecount="2" falsecount="0"/>
          <line num="30" count="3" type="cond" truecount="1" falsecount="7"/>
          <line num="32" count="0" type="stmt"/>
          <line num="34" count="0" type="stmt"/>
          <line num="40" count="0" type="stmt"/>
          <line num="42" count="3" type="stmt"/>
        </file>
        <file name="RootReducer.js" path="/Users/dimaka77/code/companySearch/src/reducers/RootReducer.js">
          <metrics statements="1" coveredstatements="1" conditionals="0" coveredconditionals="0" methods="0" coveredmethods="0"/>
          <line num="4" count="1" type="stmt"/>
        </file>
      </package>
    </metrics>
  </project>
</coverage>
