{"/Users/dimaka77/code/companySearch/src/index.js": {"path":"/Users/dimaka77/code/companySearch/src/index.js","statementMap":{"0":{"start":{"line":1,"column":0},"end":{"line":null,"column":-1}},"1":{"start":{"line":2,"column":0},"end":{"line":null,"column":-1}},"2":{"start":{"line":3,"column":0},"end":{"line":null,"column":-1}},"3":{"start":{"line":4,"column":0},"end":{"line":null,"column":-1}},"4":{"start":{"line":5,"column":0},"end":{"line":null,"column":-1}},"5":{"start":{"line":6,"column":0},"end":{"line":null,"column":-1}},"6":{"start":{"line":7,"column":0},"end":{"line":null,"column":-1}},"7":{"start":{"line":8,"column":0},"end":{"line":null,"column":-1}},"8":{"start":{"line":9,"column":0},"end":{"line":null,"column":-1}},"9":{"start":{"line":10,"column":0},"end":{"line":null,"column":-1}},"10":{"start":{"line":13,"column":19},"end":{"line":13,"column":0}},"11":{"start":{"line":14,"column":25},"end":{"line":14,"column":0}},"12":{"start":{"line":15,"column":14},"end":{"line":15,"column":0}},"13":{"start":{"line":27,"column":0},"end":{"line":null,"column":-1}}},"fnMap":{},"branchMap":{"0":{"loc":{"start":{"line":14,"column":25},"end":{"line":14,"column":61}},"type":"binary-expr","locations":[{"start":{"line":14,"column":25},"end":{"line":14,"column":61}},{"start":{"line":14,"column":65},"end":{"line":14,"column":0}}]}},"s":{"0":0,"1":0,"2":0,"3":0,"4":0,"5":0,"6":0,"7":0,"8":0,"9":0,"10":0,"11":0,"12":0,"13":0},"f":{},"b":{"0":[0,0]}}
,"/Users/dimaka77/code/companySearch/src/serviceWorker.js": {"path":"/Users/dimaka77/code/companySearch/src/serviceWorker.js","statementMap":{"0":{"start":{"line":13,"column":20},"end":{"line":13,"column":0}},"1":{"start":{"line":24,"column":2},"end":{"line":54,"column":3}},"2":{"start":{"line":26,"column":22},"end":{"line":26,"column":4}},"3":{"start":{"line":27,"column":4},"end":{"line":32,"column":5}},"4":{"start":{"line":31,"column":6},"end":{"line":null,"column":-1}},"5":{"start":{"line":34,"column":4},"end":{"line":null,"column":-1}},"6":{"start":{"line":35,"column":21},"end":{"line":35,"column":6}},"7":{"start":{"line":37,"column":6},"end":{"line":52,"column":7}},"8":{"start":{"line":39,"column":8},"end":{"line":37,"column":23}},"9":{"start":{"line":43,"column":8},"end":{"line":null,"column":-1}},"10":{"start":{"line":44,"column":10},"end":{"line":null,"column":-1}},"11":{"start":{"line":51,"column":8},"end":{"line":null,"column":-1}},"12":{"start":{"line":58,"column":2},"end":{"line":null,"column":-1}},"13":{"start":{"line":61,"column":6},"end":{"line":null,"column":-1}},"14":{"start":{"line":62,"column":33},"end":{"line":62,"column":8}},"15":{"start":{"line":63,"column":8},"end":{"line":65,"column":9}},"16":{"start":{"line":64,"column":10},"end":{"line":null,"column":-1}},"17":{"start":{"line":66,"column":8},"end":{"line":null,"column":-1}},"18":{"start":{"line":67,"column":10},"end":{"line":92,"column":11}},"19":{"start":{"line":68,"column":12},"end":{"line":91,"column":13}},"20":{"start":{"line":72,"column":14},"end":{"line":68,"column":52}},"21":{"start":{"line":78,"column":14},"end":{"line":80,"column":15}},"22":{"start":{"line":79,"column":16},"end":{"line":null,"column":-1}},"23":{"start":{"line":85,"column":14},"end":{"line":81,"column":19}},"24":{"start":{"line":88,"column":14},"end":{"line":90,"column":15}},"25":{"start":{"line":89,"column":16},"end":{"line":null,"column":-1}},"26":{"start":{"line":97,"column":6},"end":{"line":null,"column":-1}},"27":{"start":{"line":103,"column":2},"end":{"line":null,"column":-1}},"28":{"start":{"line":106,"column":26},"end":{"line":106,"column":6}},"29":{"start":{"line":107,"column":6},"end":{"line":120,"column":7}},"30":{"start":{"line":112,"column":8},"end":{"line":null,"column":-1}},"31":{"start":{"line":113,"column":10},"end":{"line":null,"column":-1}},"32":{"start":{"line":114,"column":12},"end":{"line":null,"column":-1}},"33":{"start":{"line":119,"column":8},"end":{"line":null,"column":-1}},"34":{"start":{"line":123,"column":6},"end":{"line":null,"column":-1}},"35":{"start":{"line":130,"column":2},"end":{"line":134,"column":3}},"36":{"start":{"line":131,"column":4},"end":{"line":null,"column":-1}},"37":{"start":{"line":132,"column":6},"end":{"line":null,"column":-1}}},"fnMap":{"0":{"name":"register","decl":{"start":{"line":23,"column":16},"end":{"line":23,"column":7}},"loc":{"start":{"line":23,"column":33},"end":{"line":55,"column":1}}},"1":{"name":"(anonymous_1)","decl":{"start":{"line":34,"column":36},"end":{"line":34,"column":41}},"loc":{"start":{"line":34,"column":42},"end":{"line":34,"column":4}}},"2":{"name":"(anonymous_2)","decl":{"start":{"line":43,"column":43},"end":{"line":43,"column":48}},"loc":{"start":{"line":43,"column":49},"end":{"line":43,"column":8}}},"3":{"name":"registerValidSW","decl":{"start":{"line":57,"column":9},"end":{"line":57,"column":0}},"loc":{"start":{"line":57,"column":40},"end":{"line":99,"column":1}}},"4":{"name":"(anonymous_4)","decl":{"start":{"line":60,"column":10},"end":{"line":60,"column":21}},"loc":{"start":{"line":60,"column":26},"end":{"line":58,"column":2}}},"5":{"name":"(anonymous_5)","decl":{"start":{"line":61,"column":35},"end":{"line":61,"column":40}},"loc":{"start":{"line":61,"column":41},"end":{"line":61,"column":6}}},"6":{"name":"(anonymous_6)","decl":{"start":{"line":66,"column":41},"end":{"line":66,"column":46}},"loc":{"start":{"line":66,"column":47},"end":{"line":66,"column":8}}},"7":{"name":"(anonymous_7)","decl":{"start":{"line":96,"column":11},"end":{"line":96,"column":15}},"loc":{"start":{"line":96,"column":20},"end":{"line":58,"column":2}}},"8":{"name":"checkValidServiceWorker","decl":{"start":{"line":101,"column":9},"end":{"line":101,"column":0}},"loc":{"start":{"line":101,"column":48},"end":{"line":127,"column":1}}},"9":{"name":"(anonymous_9)","decl":{"start":{"line":104,"column":10},"end":{"line":104,"column":17}},"loc":{"start":{"line":104,"column":22},"end":{"line":103,"column":2}}},"10":{"name":"(anonymous_10)","decl":{"start":{"line":112,"column":43},"end":{"line":112,"column":54}},"loc":{"start":{"line":112,"column":59},"end":{"line":112,"column":8}}},"11":{"name":"(anonymous_11)","decl":{"start":{"line":113,"column":41},"end":{"line":113,"column":46}},"loc":{"start":{"line":113,"column":47},"end":{"line":113,"column":10}}},"12":{"name":"(anonymous_12)","decl":{"start":{"line":122,"column":11},"end":{"line":122,"column":16}},"loc":{"start":{"line":122,"column":17},"end":{"line":103,"column":2}}},"13":{"name":"unregister","decl":{"start":{"line":129,"column":16},"end":{"line":129,"column":7}},"loc":{"start":{"line":129,"column":29},"end":{"line":135,"column":1}}},"14":{"name":"(anonymous_14)","decl":{"start":{"line":131,"column":39},"end":{"line":131,"column":50}},"loc":{"start":{"line":131,"column":55},"end":{"line":131,"column":4}}}},"branchMap":{"0":{"loc":{"start":{"line":14,"column":2},"end":{"line":14,"column":1}},"type":"binary-expr","locations":[{"start":{"line":14,"column":2},"end":{"line":14,"column":1}},{"start":{"line":16,"column":4},"end":{"line":14,"column":2}},{"start":{"line":18,"column":4},"end":{"line":13,"column":27}}]},"1":{"loc":{"start":{"line":24,"column":2},"end":{"line":54,"column":3}},"type":"if","locations":[{"start":{"line":24,"column":2},"end":{"line":54,"column":3}},{"start":{"line":24,"column":2},"end":{"line":54,"column":3}}]},"2":{"loc":{"start":{"line":24,"column":6},"end":{"line":24,"column":5}},"type":"binary-expr","locations":[{"start":{"line":24,"column":6},"end":{"line":24,"column":5}},{"start":{"line":24,"column":47},"end":{"line":24,"column":2}}]},"3":{"loc":{"start":{"line":27,"column":4},"end":{"line":32,"column":5}},"type":"if","locations":[{"start":{"line":27,"column":4},"end":{"line":32,"column":5}},{"start":{"line":27,"column":4},"end":{"line":32,"column":5}}]},"4":{"loc":{"start":{"line":37,"column":6},"end":{"line":52,"column":7}},"type":"if","locations":[{"start":{"line":37,"column":6},"end":{"line":52,"column":7}},{"start":{"line":37,"column":6},"end":{"line":52,"column":7}}]},"5":{"loc":{"start":{"line":63,"column":8},"end":{"line":65,"column":9}},"type":"if","locations":[{"start":{"line":63,"column":8},"end":{"line":65,"column":9}},{"start":{"line":63,"column":8},"end":{"line":65,"column":9}}]},"6":{"loc":{"start":{"line":67,"column":10},"end":{"line":92,"column":11}},"type":"if","locations":[{"start":{"line":67,"column":10},"end":{"line":92,"column":11}},{"start":{"line":67,"column":10},"end":{"line":92,"column":11}}]},"7":{"loc":{"start":{"line":68,"column":12},"end":{"line":91,"column":13}},"type":"if","locations":[{"start":{"line":68,"column":12},"end":{"line":91,"column":13}},{"start":{"line":68,"column":12},"end":{"line":91,"column":13}}]},"8":{"loc":{"start":{"line":78,"column":14},"end":{"line":80,"column":15}},"type":"if","locations":[{"start":{"line":78,"column":14},"end":{"line":80,"column":15}},{"start":{"line":78,"column":14},"end":{"line":80,"column":15}}]},"9":{"loc":{"start":{"line":78,"column":18},"end":{"line":78,"column":24}},"type":"binary-expr","locations":[{"start":{"line":78,"column":18},"end":{"line":78,"column":24}},{"start":{"line":78,"column":28},"end":{"line":78,"column":14}}]},"10":{"loc":{"start":{"line":88,"column":14},"end":{"line":90,"column":15}},"type":"if","locations":[{"start":{"line":88,"column":14},"end":{"line":90,"column":15}},{"start":{"line":88,"column":14},"end":{"line":90,"column":15}}]},"11":{"loc":{"start":{"line":88,"column":18},"end":{"line":88,"column":24}},"type":"binary-expr","locations":[{"start":{"line":88,"column":18},"end":{"line":88,"column":24}},{"start":{"line":88,"column":28},"end":{"line":88,"column":14}}]},"12":{"loc":{"start":{"line":107,"column":6},"end":{"line":120,"column":7}},"type":"if","locations":[{"start":{"line":107,"column":6},"end":{"line":120,"column":7}},{"start":{"line":107,"column":6},"end":{"line":120,"column":7}}]},"13":{"loc":{"start":{"line":108,"column":8},"end":{"line":108,"column":7}},"type":"binary-expr","locations":[{"start":{"line":108,"column":8},"end":{"line":108,"column":7}},{"start":{"line":109,"column":9},"end":{"line":109,"column":8}},{"start":{"line":109,"column":32},"end":{"line":107,"column":6}}]},"14":{"loc":{"start":{"line":130,"column":2},"end":{"line":134,"column":3}},"type":"if","locations":[{"start":{"line":130,"column":2},"end":{"line":134,"column":3}},{"start":{"line":130,"column":2},"end":{"line":134,"column":3}}]}},"s":{"0":0,"1":0,"2":0,"3":0,"4":0,"5":0,"6":0,"7":0,"8":0,"9":0,"10":0,"11":0,"12":0,"13":0,"14":0,"15":0,"16":0,"17":0,"18":0,"19":0,"20":0,"21":0,"22":0,"23":0,"24":0,"25":0,"26":0,"27":0,"28":0,"29":0,"30":0,"31":0,"32":0,"33":0,"34":0,"35":0,"36":0,"37":0},"f":{"0":0,"1":0,"2":0,"3":0,"4":0,"5":0,"6":0,"7":0,"8":0,"9":0,"10":0,"11":0,"12":0,"13":0,"14":0},"b":{"0":[0,0,0],"1":[0,0],"2":[0,0],"3":[0,0],"4":[0,0],"5":[0,0],"6":[0,0],"7":[0,0],"8":[0,0],"9":[0,0],"10":[0,0],"11":[0,0],"12":[0,0],"13":[0,0,0],"14":[0,0]}}
,"/Users/dimaka77/code/companySearch/src/action_creators/Main.js": {"path":"/Users/dimaka77/code/companySearch/src/action_creators/Main.js","statementMap":{"0":{"start":{"line":6,"column":14},"end":{"line":8,"column":2}},"1":{"start":{"line":11,"column":12},"end":{"line":13,"column":2}},"2":{"start":{"line":21,"column":20},"end":{"line":21,"column":73}},"3":{"start":{"line":23,"column":4},"end":{"line":31,"column":11}},"4":{"start":{"line":23,"column":23},"end":{"line":31,"column":10}},"5":{"start":{"line":24,"column":27},"end":{"line":24,"column":31}},"6":{"start":{"line":26,"column":12},"end":{"line":29,"column":15}},"7":{"start":{"line":30,"column":12},"end":{"line":30,"column":24}},"8":{"start":{"line":35,"column":20},"end":{"line":35,"column":95}},"9":{"start":{"line":37,"column":4},"end":{"line":45,"column":11}},"10":{"start":{"line":37,"column":23},"end":{"line":45,"column":10}},"11":{"start":{"line":38,"column":28},"end":{"line":38,"column":32}},"12":{"start":{"line":40,"column":12},"end":{"line":43,"column":15}},"13":{"start":{"line":44,"column":12},"end":{"line":44,"column":24}},"14":{"start":{"line":50,"column":20},"end":{"line":50,"column":87}},"15":{"start":{"line":52,"column":4},"end":{"line":60,"column":11}},"16":{"start":{"line":52,"column":23},"end":{"line":60,"column":10}},"17":{"start":{"line":53,"column":28},"end":{"line":53,"column":32}},"18":{"start":{"line":55,"column":12},"end":{"line":58,"column":15}},"19":{"start":{"line":59,"column":12},"end":{"line":59,"column":24}},"20":{"start":{"line":69,"column":20},"end":{"line":69,"column":79}},"21":{"start":{"line":71,"column":4},"end":{"line":79,"column":10}},"22":{"start":{"line":71,"column":23},"end":{"line":79,"column":10}},"23":{"start":{"line":72,"column":28},"end":{"line":72,"column":32}},"24":{"start":{"line":74,"column":12},"end":{"line":77,"column":15}},"25":{"start":{"line":78,"column":12},"end":{"line":78,"column":24}},"26":{"start":{"line":83,"column":25},"end":{"line":83,"column":29}},"27":{"start":{"line":85,"column":20},"end":{"line":90,"column":5}},"28":{"start":{"line":91,"column":4},"end":{"line":94,"column":5}},"29":{"start":{"line":92,"column":44},"end":{"line":92,"column":60}},"30":{"start":{"line":98,"column":4},"end":{"line":101,"column":6}},"31":{"start":{"line":105,"column":4},"end":{"line":130,"column":5}},"32":{"start":{"line":106,"column":8},"end":{"line":106,"column":35}},"33":{"start":{"line":108,"column":25},"end":{"line":112,"column":9}},"34":{"start":{"line":113,"column":8},"end":{"line":129,"column":15}},"35":{"start":{"line":115,"column":32},"end":{"line":115,"column":83}},"36":{"start":{"line":117,"column":16},"end":{"line":120,"column":19}},"37":{"start":{"line":121,"column":16},"end":{"line":121,"column":44}},"38":{"start":{"line":124,"column":16},"end":{"line":127,"column":19}},"39":{"start":{"line":128,"column":16},"end":{"line":128,"column":44}}},"fnMap":{"0":{"name":"getCompanyGithubData","decl":{"start":{"line":20,"column":16},"end":{"line":20,"column":36}},"loc":{"start":{"line":20,"column":55},"end":{"line":32,"column":1}},"line":20},"1":{"name":"(anonymous_1)","decl":{"start":{"line":23,"column":11},"end":{"line":23,"column":12}},"loc":{"start":{"line":23,"column":23},"end":{"line":31,"column":10}},"line":23},"2":{"name":"(anonymous_2)","decl":{"start":{"line":24,"column":14},"end":{"line":24,"column":15}},"loc":{"start":{"line":24,"column":27},"end":{"line":24,"column":31}},"line":24},"3":{"name":"(anonymous_3)","decl":{"start":{"line":25,"column":15},"end":{"line":25,"column":16}},"loc":{"start":{"line":25,"column":22},"end":{"line":31,"column":9}},"line":25},"4":{"name":"getCompanyWikiData","decl":{"start":{"line":34,"column":16},"end":{"line":34,"column":34}},"loc":{"start":{"line":34,"column":53},"end":{"line":46,"column":1}},"line":34},"5":{"name":"(anonymous_5)","decl":{"start":{"line":37,"column":11},"end":{"line":37,"column":12}},"loc":{"start":{"line":37,"column":23},"end":{"line":45,"column":10}},"line":37},"6":{"name":"(anonymous_6)","decl":{"start":{"line":38,"column":14},"end":{"line":38,"column":15}},"loc":{"start":{"line":38,"column":28},"end":{"line":38,"column":32}},"line":38},"7":{"name":"(anonymous_7)","decl":{"start":{"line":39,"column":15},"end":{"line":39,"column":16}},"loc":{"start":{"line":39,"column":22},"end":{"line":45,"column":9}},"line":39},"8":{"name":"getCompanyDuckDuckGoData","decl":{"start":{"line":48,"column":16},"end":{"line":48,"column":40}},"loc":{"start":{"line":48,"column":59},"end":{"line":61,"column":1}},"line":48},"9":{"name":"(anonymous_9)","decl":{"start":{"line":52,"column":11},"end":{"line":52,"column":12}},"loc":{"start":{"line":52,"column":23},"end":{"line":60,"column":10}},"line":52},"10":{"name":"(anonymous_10)","decl":{"start":{"line":53,"column":14},"end":{"line":53,"column":15}},"loc":{"start":{"line":53,"column":28},"end":{"line":53,"column":32}},"line":53},"11":{"name":"(anonymous_11)","decl":{"start":{"line":54,"column":15},"end":{"line":54,"column":16}},"loc":{"start":{"line":54,"column":22},"end":{"line":60,"column":9}},"line":54},"12":{"name":"getCompanyRepositories","decl":{"start":{"line":68,"column":16},"end":{"line":68,"column":38}},"loc":{"start":{"line":68,"column":57},"end":{"line":80,"column":1}},"line":68},"13":{"name":"(anonymous_13)","decl":{"start":{"line":71,"column":11},"end":{"line":71,"column":12}},"loc":{"start":{"line":71,"column":23},"end":{"line":79,"column":10}},"line":71},"14":{"name":"(anonymous_14)","decl":{"start":{"line":72,"column":14},"end":{"line":72,"column":15}},"loc":{"start":{"line":72,"column":28},"end":{"line":72,"column":32}},"line":72},"15":{"name":"(anonymous_15)","decl":{"start":{"line":73,"column":15},"end":{"line":73,"column":16}},"loc":{"start":{"line":73,"column":22},"end":{"line":79,"column":9}},"line":73},"16":{"name":"processPayload","decl":{"start":{"line":82,"column":9},"end":{"line":82,"column":23}},"loc":{"start":{"line":82,"column":35},"end":{"line":95,"column":1}},"line":82},"17":{"name":"(anonymous_17)","decl":{"start":{"line":92,"column":39},"end":{"line":92,"column":40}},"loc":{"start":{"line":92,"column":44},"end":{"line":92,"column":60}},"line":92},"18":{"name":"setLoading","decl":{"start":{"line":97,"column":9},"end":{"line":97,"column":19}},"loc":{"start":{"line":97,"column":36},"end":{"line":102,"column":1}},"line":97},"19":{"name":"fetch","decl":{"start":{"line":104,"column":16},"end":{"line":104,"column":21}},"loc":{"start":{"line":104,"column":40},"end":{"line":131,"column":1}},"line":104},"20":{"name":"(anonymous_20)","decl":{"start":{"line":105,"column":11},"end":{"line":105,"column":12}},"loc":{"start":{"line":105,"column":25},"end":{"line":130,"column":5}},"line":105},"21":{"name":"(anonymous_21)","decl":{"start":{"line":114,"column":18},"end":{"line":114,"column":19}},"loc":{"start":{"line":114,"column":59},"end":{"line":122,"column":13}},"line":114},"22":{"name":"(anonymous_22)","decl":{"start":{"line":123,"column":19},"end":{"line":123,"column":20}},"loc":{"start":{"line":123,"column":26},"end":{"line":129,"column":13}},"line":123}},"branchMap":{"0":{"loc":{"start":{"line":20,"column":37},"end":{"line":20,"column":53}},"type":"default-arg","locations":[{"start":{"line":20,"column":51},"end":{"line":20,"column":53}}],"line":20},"1":{"loc":{"start":{"line":34,"column":35},"end":{"line":34,"column":51}},"type":"default-arg","locations":[{"start":{"line":34,"column":49},"end":{"line":34,"column":51}}],"line":34},"2":{"loc":{"start":{"line":48,"column":41},"end":{"line":48,"column":57}},"type":"default-arg","locations":[{"start":{"line":48,"column":55},"end":{"line":48,"column":57}}],"line":48},"3":{"loc":{"start":{"line":68,"column":39},"end":{"line":68,"column":55}},"type":"default-arg","locations":[{"start":{"line":68,"column":53},"end":{"line":68,"column":55}}],"line":68},"4":{"loc":{"start":{"line":82,"column":24},"end":{"line":82,"column":33}},"type":"default-arg","locations":[{"start":{"line":82,"column":31},"end":{"line":82,"column":33}}],"line":82},"5":{"loc":{"start":{"line":86,"column":16},"end":{"line":86,"column":83}},"type":"binary-expr","locations":[{"start":{"line":86,"column":17},"end":{"line":86,"column":25}},{"start":{"line":86,"column":29},"end":{"line":86,"column":47}},{"start":{"line":86,"column":51},"end":{"line":86,"column":76}},{"start":{"line":86,"column":81},"end":{"line":86,"column":83}}],"line":86},"6":{"loc":{"start":{"line":87,"column":15},"end":{"line":87,"column":49}},"type":"binary-expr","locations":[{"start":{"line":87,"column":16},"end":{"line":87,"column":24}},{"start":{"line":87,"column":28},"end":{"line":87,"column":42}},{"start":{"line":87,"column":47},"end":{"line":87,"column":49}}],"line":87},"7":{"loc":{"start":{"line":88,"column":21},"end":{"line":88,"column":61}},"type":"binary-expr","locations":[{"start":{"line":88,"column":22},"end":{"line":88,"column":30}},{"start":{"line":88,"column":34},"end":{"line":88,"column":54}},{"start":{"line":88,"column":59},"end":{"line":88,"column":61}}],"line":88},"8":{"loc":{"start":{"line":97,"column":20},"end":{"line":97,"column":34}},"type":"default-arg","locations":[{"start":{"line":97,"column":30},"end":{"line":97,"column":34}}],"line":97},"9":{"loc":{"start":{"line":104,"column":22},"end":{"line":104,"column":38}},"type":"default-arg","locations":[{"start":{"line":104,"column":36},"end":{"line":104,"column":38}}],"line":104}},"s":{"0":1,"1":1,"2":0,"3":0,"4":0,"5":0,"6":0,"7":0,"8":0,"9":0,"10":0,"11":0,"12":0,"13":0,"14":0,"15":0,"16":0,"17":0,"18":0,"19":0,"20":0,"21":0,"22":0,"23":0,"24":0,"25":0,"26":0,"27":0,"28":0,"29":0,"30":0,"31":0,"32":0,"33":0,"34":0,"35":0,"36":0,"37":0,"38":0,"39":0},"f":{"0":0,"1":0,"2":0,"3":0,"4":0,"5":0,"6":0,"7":0,"8":0,"9":0,"10":0,"11":0,"12":0,"13":0,"14":0,"15":0,"16":0,"17":0,"18":0,"19":0,"20":0,"21":0,"22":0},"b":{"0":[0],"1":[0],"2":[0],"3":[0],"4":[0],"5":[0,0,0,0],"6":[0,0,0],"7":[0,0,0],"8":[0],"9":[0]},"_coverageSchema":"332fd63041d2c1bcb487cc26dd0d5f7d97098a6c","hash":"0a36aa6237ab089e32d0b21f214471682f76940f"}
,"/Users/dimaka77/code/companySearch/src/components/containers/App.js": {"path":"/Users/dimaka77/code/companySearch/src/components/containers/App.js","statementMap":{"0":{"start":{"line":39,"column":2},"end":{"line":39,"column":15}},"1":{"start":{"line":41,"column":2},"end":{"line":46,"column":3}},"2":{"start":{"line":50,"column":2},"end":{"line":50,"column":72}},"3":{"start":{"line":54,"column":2},"end":{"line":54,"column":75}},"4":{"start":{"line":63,"column":2},"end":{"line":66,"column":5}},"5":{"start":{"line":75,"column":2},"end":{"line":77,"column":3}},"6":{"start":{"line":76,"column":3},"end":{"line":76,"column":23}},"7":{"start":{"line":88,"column":6},"end":{"line":88,"column":10}},"8":{"start":{"line":90,"column":2},"end":{"line":90,"column":40}},"9":{"start":{"line":92,"column":2},"end":{"line":94,"column":3}},"10":{"start":{"line":93,"column":3},"end":{"line":93,"column":16}},"11":{"start":{"line":96,"column":2},"end":{"line":103,"column":4}},"12":{"start":{"line":97,"column":15},"end":{"line":102,"column":5}},"13":{"start":{"line":113,"column":2},"end":{"line":115,"column":5}},"14":{"start":{"line":126,"column":6},"end":{"line":126,"column":16}},"15":{"start":{"line":128,"column":2},"end":{"line":141,"column":3}},"16":{"start":{"line":150,"column":2},"end":{"line":155,"column":3}},"17":{"start":{"line":164,"column":2},"end":{"line":172,"column":4}},"18":{"start":{"line":182,"column":2},"end":{"line":191,"column":4}},"19":{"start":{"line":183,"column":3},"end":{"line":190,"column":5}},"20":{"start":{"line":201,"column":35},"end":{"line":201,"column":45}},"21":{"start":{"line":202,"column":14},"end":{"line":202,"column":69}},"22":{"start":{"line":204,"column":2},"end":{"line":210,"column":3}},"23":{"start":{"line":220,"column":24},"end":{"line":220,"column":34}},"24":{"start":{"line":222,"column":2},"end":{"line":233,"column":4}},"25":{"start":{"line":223,"column":19},"end":{"line":223,"column":51}},"26":{"start":{"line":225,"column":3},"end":{"line":231,"column":4}},"27":{"start":{"line":226,"column":4},"end":{"line":226,"column":42}},"28":{"start":{"line":227,"column":10},"end":{"line":231,"column":4}},"29":{"start":{"line":228,"column":4},"end":{"line":228,"column":45}},"30":{"start":{"line":229,"column":10},"end":{"line":231,"column":4}},"31":{"start":{"line":230,"column":4},"end":{"line":230,"column":54}},"32":{"start":{"line":232,"column":3},"end":{"line":232,"column":15}},"33":{"start":{"line":244,"column":6},"end":{"line":244,"column":10}},"34":{"start":{"line":245,"column":15},"end":{"line":245,"column":38}},"35":{"start":{"line":247,"column":2},"end":{"line":264,"column":3}},"36":{"start":{"line":259,"column":23},"end":{"line":259,"column":52}},"37":{"start":{"line":272,"column":26},"end":{"line":272,"column":36}},"38":{"start":{"line":273,"column":15},"end":{"line":273,"column":89}},"39":{"start":{"line":274,"column":2},"end":{"line":278,"column":4}},"40":{"start":{"line":286,"column":22},"end":{"line":286,"column":32}},"41":{"start":{"line":287,"column":2},"end":{"line":291,"column":4}},"42":{"start":{"line":298,"column":6},"end":{"line":298,"column":10}},"43":{"start":{"line":300,"column":2},"end":{"line":325,"column":4}},"44":{"start":{"line":329,"column":18},"end":{"line":329,"column":23}},"45":{"start":{"line":331,"column":1},"end":{"line":334,"column":3}},"46":{"start":{"line":338,"column":1},"end":{"line":340,"column":3}}},"fnMap":{"0":{"name":"(anonymous_0)","decl":{"start":{"line":38,"column":1},"end":{"line":38,"column":2}},"loc":{"start":{"line":38,"column":20},"end":{"line":47,"column":2}},"line":38},"1":{"name":"(anonymous_1)","decl":{"start":{"line":49,"column":1},"end":{"line":49,"column":2}},"loc":{"start":{"line":49,"column":21},"end":{"line":51,"column":2}},"line":49},"2":{"name":"(anonymous_2)","decl":{"start":{"line":53,"column":1},"end":{"line":53,"column":2}},"loc":{"start":{"line":53,"column":22},"end":{"line":55,"column":2}},"line":53},"3":{"name":"(anonymous_3)","decl":{"start":{"line":62,"column":21},"end":{"line":62,"column":22}},"loc":{"start":{"line":62,"column":48},"end":{"line":67,"column":2}},"line":62},"4":{"name":"(anonymous_4)","decl":{"start":{"line":74,"column":26},"end":{"line":74,"column":27}},"loc":{"start":{"line":74,"column":39},"end":{"line":78,"column":2}},"line":74},"5":{"name":"(anonymous_5)","decl":{"start":{"line":84,"column":16},"end":{"line":84,"column":17}},"loc":{"start":{"line":84,"column":22},"end":{"line":104,"column":2}},"line":84},"6":{"name":"(anonymous_6)","decl":{"start":{"line":97,"column":9},"end":{"line":97,"column":10}},"loc":{"start":{"line":97,"column":15},"end":{"line":102,"column":5}},"line":97},"7":{"name":"(anonymous_7)","decl":{"start":{"line":112,"column":19},"end":{"line":112,"column":20}},"loc":{"start":{"line":112,"column":37},"end":{"line":116,"column":2}},"line":112},"8":{"name":"(anonymous_8)","decl":{"start":{"line":122,"column":25},"end":{"line":122,"column":26}},"loc":{"start":{"line":122,"column":31},"end":{"line":142,"column":2}},"line":122},"9":{"name":"(anonymous_9)","decl":{"start":{"line":149,"column":21},"end":{"line":149,"column":22}},"loc":{"start":{"line":149,"column":39},"end":{"line":156,"column":2}},"line":149},"10":{"name":"(anonymous_10)","decl":{"start":{"line":163,"column":23},"end":{"line":163,"column":24}},"loc":{"start":{"line":163,"column":41},"end":{"line":173,"column":2}},"line":163},"11":{"name":"(anonymous_11)","decl":{"start":{"line":181,"column":28},"end":{"line":181,"column":29}},"loc":{"start":{"line":181,"column":53},"end":{"line":192,"column":2}},"line":181},"12":{"name":"(anonymous_12)","decl":{"start":{"line":182,"column":18},"end":{"line":182,"column":19}},"loc":{"start":{"line":183,"column":3},"end":{"line":190,"column":5}},"line":183},"13":{"name":"(anonymous_13)","decl":{"start":{"line":200,"column":27},"end":{"line":200,"column":28}},"loc":{"start":{"line":200,"column":66},"end":{"line":211,"column":2}},"line":200},"14":{"name":"(anonymous_14)","decl":{"start":{"line":219,"column":21},"end":{"line":219,"column":22}},"loc":{"start":{"line":219,"column":54},"end":{"line":234,"column":2}},"line":219},"15":{"name":"(anonymous_15)","decl":{"start":{"line":222,"column":18},"end":{"line":222,"column":19}},"loc":{"start":{"line":222,"column":32},"end":{"line":233,"column":3}},"line":222},"16":{"name":"(anonymous_16)","decl":{"start":{"line":240,"column":14},"end":{"line":240,"column":15}},"loc":{"start":{"line":240,"column":20},"end":{"line":265,"column":2}},"line":240},"17":{"name":"(anonymous_17)","decl":{"start":{"line":259,"column":16},"end":{"line":259,"column":17}},"loc":{"start":{"line":259,"column":23},"end":{"line":259,"column":52}},"line":259},"18":{"name":"(anonymous_18)","decl":{"start":{"line":271,"column":19},"end":{"line":271,"column":20}},"loc":{"start":{"line":271,"column":25},"end":{"line":279,"column":2}},"line":271},"19":{"name":"(anonymous_19)","decl":{"start":{"line":285,"column":17},"end":{"line":285,"column":18}},"loc":{"start":{"line":285,"column":23},"end":{"line":292,"column":2}},"line":285},"20":{"name":"(anonymous_20)","decl":{"start":{"line":294,"column":1},"end":{"line":294,"column":2}},"loc":{"start":{"line":294,"column":10},"end":{"line":326,"column":2}},"line":294},"21":{"name":"mapStateToProps","decl":{"start":{"line":328,"column":9},"end":{"line":328,"column":24}},"loc":{"start":{"line":328,"column":32},"end":{"line":335,"column":1}},"line":328},"22":{"name":"mapDispatchToProps","decl":{"start":{"line":337,"column":9},"end":{"line":337,"column":27}},"loc":{"start":{"line":337,"column":38},"end":{"line":341,"column":1}},"line":337}},"branchMap":{"0":{"loc":{"start":{"line":75,"column":2},"end":{"line":77,"column":3}},"type":"if","locations":[{"start":{"line":75,"column":2},"end":{"line":77,"column":3}},{"start":{"line":75,"column":2},"end":{"line":77,"column":3}}],"line":75},"1":{"loc":{"start":{"line":92,"column":2},"end":{"line":94,"column":3}},"type":"if","locations":[{"start":{"line":92,"column":2},"end":{"line":94,"column":3}},{"start":{"line":92,"column":2},"end":{"line":94,"column":3}}],"line":92},"2":{"loc":{"start":{"line":129,"column":3},"end":{"line":140,"column":9}},"type":"cond-expr","locations":[{"start":{"line":130,"column":4},"end":{"line":139,"column":15}},{"start":{"line":140,"column":5},"end":{"line":140,"column":9}}],"line":129},"3":{"loc":{"start":{"line":133,"column":12},"end":{"line":133,"column":55}},"type":"binary-expr","locations":[{"start":{"line":133,"column":12},"end":{"line":133,"column":49}},{"start":{"line":133,"column":53},"end":{"line":133,"column":55}}],"line":133},"4":{"loc":{"start":{"line":149,"column":22},"end":{"line":149,"column":34}},"type":"default-arg","locations":[{"start":{"line":149,"column":32},"end":{"line":149,"column":34}}],"line":149},"5":{"loc":{"start":{"line":163,"column":24},"end":{"line":163,"column":36}},"type":"default-arg","locations":[{"start":{"line":163,"column":34},"end":{"line":163,"column":36}}],"line":163},"6":{"loc":{"start":{"line":167,"column":9},"end":{"line":167,"column":40}},"type":"binary-expr","locations":[{"start":{"line":167,"column":9},"end":{"line":167,"column":34}},{"start":{"line":167,"column":38},"end":{"line":167,"column":40}}],"line":167},"7":{"loc":{"start":{"line":181,"column":29},"end":{"line":181,"column":38}},"type":"default-arg","locations":[{"start":{"line":181,"column":36},"end":{"line":181,"column":38}}],"line":181},"8":{"loc":{"start":{"line":181,"column":40},"end":{"line":181,"column":48}},"type":"default-arg","locations":[{"start":{"line":181,"column":46},"end":{"line":181,"column":48}}],"line":181},"9":{"loc":{"start":{"line":185,"column":9},"end":{"line":185,"column":18}},"type":"binary-expr","locations":[{"start":{"line":185,"column":9},"end":{"line":185,"column":12}},{"start":{"line":185,"column":16},"end":{"line":185,"column":18}}],"line":185},"10":{"loc":{"start":{"line":200,"column":28},"end":{"line":200,"column":40}},"type":"default-arg","locations":[{"start":{"line":200,"column":38},"end":{"line":200,"column":40}}],"line":200},"11":{"loc":{"start":{"line":200,"column":42},"end":{"line":200,"column":61}},"type":"default-arg","locations":[{"start":{"line":200,"column":48},"end":{"line":200,"column":61}}],"line":200},"12":{"loc":{"start":{"line":219,"column":22},"end":{"line":219,"column":31}},"type":"default-arg","locations":[{"start":{"line":219,"column":29},"end":{"line":219,"column":31}}],"line":219},"13":{"loc":{"start":{"line":219,"column":33},"end":{"line":219,"column":49}},"type":"default-arg","locations":[{"start":{"line":219,"column":47},"end":{"line":219,"column":49}}],"line":219},"14":{"loc":{"start":{"line":225,"column":3},"end":{"line":231,"column":4}},"type":"if","locations":[{"start":{"line":225,"column":3},"end":{"line":231,"column":4}},{"start":{"line":225,"column":3},"end":{"line":231,"column":4}}],"line":225},"15":{"loc":{"start":{"line":225,"column":7},"end":{"line":225,"column":46}},"type":"binary-expr","locations":[{"start":{"line":225,"column":7},"end":{"line":225,"column":24}},{"start":{"line":225,"column":28},"end":{"line":225,"column":46}}],"line":225},"16":{"loc":{"start":{"line":227,"column":10},"end":{"line":231,"column":4}},"type":"if","locations":[{"start":{"line":227,"column":10},"end":{"line":231,"column":4}},{"start":{"line":227,"column":10},"end":{"line":231,"column":4}}],"line":227},"17":{"loc":{"start":{"line":227,"column":14},"end":{"line":227,"column":55}},"type":"binary-expr","locations":[{"start":{"line":227,"column":14},"end":{"line":227,"column":31}},{"start":{"line":227,"column":35},"end":{"line":227,"column":55}}],"line":227},"18":{"loc":{"start":{"line":229,"column":10},"end":{"line":231,"column":4}},"type":"if","locations":[{"start":{"line":229,"column":10},"end":{"line":231,"column":4}},{"start":{"line":229,"column":10},"end":{"line":231,"column":4}}],"line":229},"19":{"loc":{"start":{"line":229,"column":14},"end":{"line":229,"column":56}},"type":"binary-expr","locations":[{"start":{"line":229,"column":14},"end":{"line":229,"column":31}},{"start":{"line":229,"column":35},"end":{"line":229,"column":56}}],"line":229},"20":{"loc":{"start":{"line":273,"column":15},"end":{"line":273,"column":89}},"type":"cond-expr","locations":[{"start":{"line":273,"column":29},"end":{"line":273,"column":53}},{"start":{"line":273,"column":56},"end":{"line":273,"column":89}}],"line":273},"21":{"loc":{"start":{"line":311,"column":12},"end":{"line":311,"column":47}},"type":"binary-expr","locations":[{"start":{"line":311,"column":12},"end":{"line":311,"column":24}},{"start":{"line":311,"column":28},"end":{"line":311,"column":47}}],"line":311},"22":{"loc":{"start":{"line":317,"column":5},"end":{"line":317,"column":72}},"type":"binary-expr","locations":[{"start":{"line":317,"column":5},"end":{"line":317,"column":13}},{"start":{"line":317,"column":17},"end":{"line":317,"column":46}},{"start":{"line":317,"column":50},"end":{"line":317,"column":72}}],"line":317},"23":{"loc":{"start":{"line":320,"column":5},"end":{"line":320,"column":36}},"type":"binary-expr","locations":[{"start":{"line":320,"column":5},"end":{"line":320,"column":12}},{"start":{"line":320,"column":16},"end":{"line":320,"column":36}}],"line":320},"24":{"loc":{"start":{"line":323,"column":5},"end":{"line":323,"column":45}},"type":"binary-expr","locations":[{"start":{"line":323,"column":5},"end":{"line":323,"column":13}},{"start":{"line":323,"column":17},"end":{"line":323,"column":45}}],"line":323}},"s":{"0":1,"1":1,"2":1,"3":1,"4":0,"5":0,"6":0,"7":0,"8":0,"9":0,"10":0,"11":0,"12":0,"13":0,"14":1,"15":1,"16":0,"17":0,"18":0,"19":0,"20":0,"21":0,"22":0,"23":0,"24":0,"25":0,"26":0,"27":0,"28":0,"29":0,"30":0,"31":0,"32":0,"33":0,"34":0,"35":0,"36":0,"37":1,"38":1,"39":1,"40":0,"41":0,"42":1,"43":1,"44":1,"45":1,"46":1},"f":{"0":1,"1":1,"2":1,"3":0,"4":0,"5":0,"6":0,"7":0,"8":1,"9":0,"10":0,"11":0,"12":0,"13":0,"14":0,"15":0,"16":0,"17":0,"18":1,"19":0,"20":1,"21":1,"22":1},"b":{"0":[0,0],"1":[0,0],"2":[0,1],"3":[0,0],"4":[0],"5":[0],"6":[0,0],"7":[0],"8":[0],"9":[0,0],"10":[0],"11":[0],"12":[0],"13":[0],"14":[0,0],"15":[0,0],"16":[0,0],"17":[0,0],"18":[0,0],"19":[0,0],"20":[1,0],"21":[1,0],"22":[1,1,1],"23":[1,0],"24":[1,1]},"_coverageSchema":"332fd63041d2c1bcb487cc26dd0d5f7d97098a6c","hash":"7b42ef4f53e5e55c48417d7d4cd5e6a6e03c4bbe"}
,"/Users/dimaka77/code/companySearch/src/components/containers/App.styles.js": {"path":"/Users/dimaka77/code/companySearch/src/components/containers/App.styles.js","statementMap":{"0":{"start":{"line":1,"column":25},"end":{"line":32,"column":1}}},"fnMap":{"0":{"name":"(anonymous_0)","decl":{"start":{"line":1,"column":15},"end":{"line":1,"column":16}},"loc":{"start":{"line":1,"column":25},"end":{"line":32,"column":1}},"line":1}},"branchMap":{},"s":{"0":1},"f":{"0":1},"b":{},"_coverageSchema":"332fd63041d2c1bcb487cc26dd0d5f7d97098a6c","hash":"47014362dece10583e40d52f9d67119e8869ef07"}
,"/Users/dimaka77/code/companySearch/src/components/simple/EmptyPage.js": {"path":"/Users/dimaka77/code/companySearch/src/components/simple/EmptyPage.js","statementMap":{"0":{"start":{"line":7,"column":14},"end":{"line":22,"column":1}},"1":{"start":{"line":24,"column":18},"end":{"line":35,"column":1}},"2":{"start":{"line":25,"column":40},"end":{"line":25,"column":45}},"3":{"start":{"line":26,"column":20},"end":{"line":26,"column":73}},"4":{"start":{"line":27,"column":14},"end":{"line":27,"column":67}},"5":{"start":{"line":29,"column":1},"end":{"line":34,"column":3}},"6":{"start":{"line":37,"column":0},"end":{"line":41,"column":2}},"7":{"start":{"line":43,"column":0},"end":{"line":47,"column":2}}},"fnMap":{"0":{"name":"(anonymous_0)","decl":{"start":{"line":24,"column":18},"end":{"line":24,"column":19}},"loc":{"start":{"line":24,"column":29},"end":{"line":35,"column":1}},"line":24}},"branchMap":{"0":{"loc":{"start":{"line":27,"column":14},"end":{"line":27,"column":67}},"type":"cond-expr","locations":[{"start":{"line":27,"column":28},"end":{"line":27,"column":44}},{"start":{"line":27,"column":47},"end":{"line":27,"column":67}}],"line":27}},"s":{"0":9,"1":9,"2":2,"3":2,"4":2,"5":2,"6":9,"7":9},"f":{"0":2},"b":{"0":[2,0]},"_coverageSchema":"332fd63041d2c1bcb487cc26dd0d5f7d97098a6c","hash":"c2a895cbd392a67516878a8b676e2ec9d72b9f1a"}
,"/Users/dimaka77/code/companySearch/src/components/simple/GithubRepoItem.js": {"path":"/Users/dimaka77/code/companySearch/src/components/simple/GithubRepoItem.js","statementMap":{"0":{"start":{"line":15,"column":15},"end":{"line":32,"column":2}},"1":{"start":{"line":15,"column":25},"end":{"line":32,"column":1}},"2":{"start":{"line":33,"column":23},"end":{"line":77,"column":1}},"3":{"start":{"line":41,"column":8},"end":{"line":41,"column":13}},"4":{"start":{"line":43,"column":4},"end":{"line":76,"column":5}},"5":{"start":{"line":78,"column":0},"end":{"line":85,"column":2}},"6":{"start":{"line":87,"column":0},"end":{"line":94,"column":2}}},"fnMap":{"0":{"name":"(anonymous_0)","decl":{"start":{"line":15,"column":15},"end":{"line":15,"column":16}},"loc":{"start":{"line":15,"column":25},"end":{"line":32,"column":1}},"line":15},"1":{"name":"(anonymous_1)","decl":{"start":{"line":33,"column":23},"end":{"line":33,"column":24}},"loc":{"start":{"line":33,"column":34},"end":{"line":77,"column":1}},"line":33}},"branchMap":{},"s":{"0":9,"1":1,"2":9,"3":1,"4":1,"5":9,"6":9},"f":{"0":1,"1":1},"b":{},"_coverageSchema":"332fd63041d2c1bcb487cc26dd0d5f7d97098a6c","hash":"d6c7b8fd738086f212cb5c596c0fa861a3f828c5"}
,"/Users/dimaka77/code/companySearch/src/components/simple/GithubSection.js": {"path":"/Users/dimaka77/code/companySearch/src/components/simple/GithubSection.js","statementMap":{"0":{"start":{"line":9,"column":15},"end":{"line":26,"column":2}},"1":{"start":{"line":9,"column":25},"end":{"line":26,"column":1}},"2":{"start":{"line":27,"column":22},"end":{"line":61,"column":1}},"3":{"start":{"line":35,"column":8},"end":{"line":35,"column":13}},"4":{"start":{"line":36,"column":4},"end":{"line":60,"column":5}},"5":{"start":{"line":62,"column":0},"end":{"line":69,"column":2}},"6":{"start":{"line":71,"column":0},"end":{"line":78,"column":2}}},"fnMap":{"0":{"name":"(anonymous_0)","decl":{"start":{"line":9,"column":15},"end":{"line":9,"column":16}},"loc":{"start":{"line":9,"column":25},"end":{"line":26,"column":1}},"line":9},"1":{"name":"(anonymous_1)","decl":{"start":{"line":27,"column":22},"end":{"line":27,"column":23}},"loc":{"start":{"line":27,"column":33},"end":{"line":61,"column":1}},"line":27}},"branchMap":{},"s":{"0":9,"1":1,"2":9,"3":1,"4":1,"5":9,"6":9},"f":{"0":1,"1":1},"b":{},"_coverageSchema":"332fd63041d2c1bcb487cc26dd0d5f7d97098a6c","hash":"4ad34360d5047ffdccc2fd2d7d6dbc90a944463e"}
,"/Users/dimaka77/code/companySearch/src/components/simple/ImageEmptyState.js": {"path":"/Users/dimaka77/code/companySearch/src/components/simple/ImageEmptyState.js","statementMap":{"0":{"start":{"line":4,"column":24},"end":{"line":67,"column":1}},"1":{"start":{"line":5,"column":19},"end":{"line":5,"column":24}},"2":{"start":{"line":6,"column":1},"end":{"line":66,"column":3}},"3":{"start":{"line":69,"column":0},"end":{"line":71,"column":2}},"4":{"start":{"line":73,"column":0},"end":{"line":75,"column":2}}},"fnMap":{"0":{"name":"(anonymous_0)","decl":{"start":{"line":4,"column":24},"end":{"line":4,"column":25}},"loc":{"start":{"line":4,"column":35},"end":{"line":67,"column":1}},"line":4}},"branchMap":{},"s":{"0":9,"1":3,"2":3,"3":9,"4":9},"f":{"0":3},"b":{},"_coverageSchema":"332fd63041d2c1bcb487cc26dd0d5f7d97098a6c","hash":"7866fa4e05ae615d183d6bc23122aa86525af81c"}
,"/Users/dimaka77/code/companySearch/src/components/simple/ImageNoResults.js": {"path":"/Users/dimaka77/code/companySearch/src/components/simple/ImageNoResults.js","statementMap":{"0":{"start":{"line":4,"column":23},"end":{"line":49,"column":1}},"1":{"start":{"line":5,"column":19},"end":{"line":5,"column":24}},"2":{"start":{"line":6,"column":1},"end":{"line":48,"column":3}},"3":{"start":{"line":51,"column":0},"end":{"line":53,"column":2}},"4":{"start":{"line":55,"column":0},"end":{"line":57,"column":2}}},"fnMap":{"0":{"name":"(anonymous_0)","decl":{"start":{"line":4,"column":23},"end":{"line":4,"column":24}},"loc":{"start":{"line":4,"column":34},"end":{"line":49,"column":1}},"line":4}},"branchMap":{},"s":{"0":9,"1":1,"2":1,"3":9,"4":9},"f":{"0":1},"b":{},"_coverageSchema":"332fd63041d2c1bcb487cc26dd0d5f7d97098a6c","hash":"6fe94893e6309fc83d0c2e8f4de5ba8bf1f2d70e"}
,"/Users/dimaka77/code/companySearch/src/components/simple/MediaCard.js": {"path":"/Users/dimaka77/code/companySearch/src/components/simple/MediaCard.js","statementMap":{"0":{"start":{"line":12,"column":15},"end":{"line":40,"column":2}},"1":{"start":{"line":12,"column":25},"end":{"line":40,"column":1}},"2":{"start":{"line":41,"column":18},"end":{"line":69,"column":1}},"3":{"start":{"line":47,"column":8},"end":{"line":47,"column":13}},"4":{"start":{"line":48,"column":4},"end":{"line":68,"column":5}},"5":{"start":{"line":70,"column":0},"end":{"line":75,"column":2}},"6":{"start":{"line":77,"column":0},"end":{"line":82,"column":2}}},"fnMap":{"0":{"name":"(anonymous_0)","decl":{"start":{"line":12,"column":15},"end":{"line":12,"column":16}},"loc":{"start":{"line":12,"column":25},"end":{"line":40,"column":1}},"line":12},"1":{"name":"(anonymous_1)","decl":{"start":{"line":41,"column":18},"end":{"line":41,"column":19}},"loc":{"start":{"line":41,"column":29},"end":{"line":69,"column":1}},"line":41}},"branchMap":{},"s":{"0":9,"1":1,"2":9,"3":1,"4":1,"5":9,"6":9},"f":{"0":1,"1":1},"b":{},"_coverageSchema":"332fd63041d2c1bcb487cc26dd0d5f7d97098a6c","hash":"473a75bdbef1f0d2f153705a4b49a3e9a59b49f1"}
,"/Users/dimaka77/code/companySearch/src/components/simple/SearchInput.js": {"path":"/Users/dimaka77/code/companySearch/src/components/simple/SearchInput.js","statementMap":{"0":{"start":{"line":11,"column":15},"end":{"line":37,"column":2}},"1":{"start":{"line":11,"column":35},"end":{"line":37,"column":1}},"2":{"start":{"line":38,"column":20},"end":{"line":69,"column":1}},"3":{"start":{"line":46,"column":8},"end":{"line":46,"column":13}},"4":{"start":{"line":47,"column":4},"end":{"line":68,"column":5}},"5":{"start":{"line":70,"column":0},"end":{"line":77,"column":2}},"6":{"start":{"line":79,"column":0},"end":{"line":86,"column":2}}},"fnMap":{"0":{"name":"(anonymous_0)","decl":{"start":{"line":11,"column":15},"end":{"line":11,"column":16}},"loc":{"start":{"line":11,"column":35},"end":{"line":37,"column":1}},"line":11},"1":{"name":"(anonymous_1)","decl":{"start":{"line":38,"column":20},"end":{"line":38,"column":21}},"loc":{"start":{"line":38,"column":31},"end":{"line":69,"column":1}},"line":38},"2":{"name":"(anonymous_2)","decl":{"start":{"line":74,"column":23},"end":{"line":74,"column":24}},"loc":{"start":{"line":74,"column":29},"end":{"line":74,"column":31}},"line":74},"3":{"name":"(anonymous_3)","decl":{"start":{"line":75,"column":23},"end":{"line":75,"column":24}},"loc":{"start":{"line":75,"column":29},"end":{"line":75,"column":31}},"line":75}},"branchMap":{"0":{"loc":{"start":{"line":11,"column":16},"end":{"line":11,"column":29}},"type":"default-arg","locations":[{"start":{"line":11,"column":24},"end":{"line":11,"column":29}}],"line":11},"1":{"loc":{"start":{"line":18,"column":11},"end":{"line":20,"column":9}},"type":"binary-expr","locations":[{"start":{"line":18,"column":11},"end":{"line":18,"column":16}},{"start":{"line":18,"column":20},"end":{"line":20,"column":9}}],"line":18},"2":{"loc":{"start":{"line":66,"column":13},"end":{"line":66,"column":95}},"type":"binary-expr","locations":[{"start":{"line":66,"column":13},"end":{"line":66,"column":18}},{"start":{"line":66,"column":22},"end":{"line":66,"column":95}}],"line":66}},"s":{"0":9,"1":4,"2":9,"3":2,"4":2,"5":9,"6":9},"f":{"0":4,"1":2,"2":0,"3":0},"b":{"0":[0],"1":[4,2],"2":[2,0]},"_coverageSchema":"332fd63041d2c1bcb487cc26dd0d5f7d97098a6c","hash":"74f651e3f9f2301f7a156179736b9626be58b15c"}
,"/Users/dimaka77/code/companySearch/src/components/simple/WikiSection.js": {"path":"/Users/dimaka77/code/companySearch/src/components/simple/WikiSection.js","statementMap":{"0":{"start":{"line":8,"column":15},"end":{"line":16,"column":2}},"1":{"start":{"line":8,"column":25},"end":{"line":16,"column":1}},"2":{"start":{"line":17,"column":20},"end":{"line":33,"column":1}},"3":{"start":{"line":22,"column":8},"end":{"line":22,"column":13}},"4":{"start":{"line":23,"column":4},"end":{"line":32,"column":5}},"5":{"start":{"line":34,"column":0},"end":{"line":38,"column":2}},"6":{"start":{"line":40,"column":0},"end":{"line":44,"column":2}}},"fnMap":{"0":{"name":"(anonymous_0)","decl":{"start":{"line":8,"column":15},"end":{"line":8,"column":16}},"loc":{"start":{"line":8,"column":25},"end":{"line":16,"column":1}},"line":8},"1":{"name":"(anonymous_1)","decl":{"start":{"line":17,"column":20},"end":{"line":17,"column":21}},"loc":{"start":{"line":17,"column":31},"end":{"line":33,"column":1}},"line":17}},"branchMap":{},"s":{"0":9,"1":1,"2":9,"3":1,"4":1,"5":9,"6":9},"f":{"0":1,"1":1},"b":{},"_coverageSchema":"332fd63041d2c1bcb487cc26dd0d5f7d97098a6c","hash":"04377f7fba04dbaffcbe54136b2dbcee699d7380"}
,"/Users/dimaka77/code/companySearch/src/components/simple/index.js": {"path":"/Users/dimaka77/code/companySearch/src/components/simple/index.js","statementMap":{},"fnMap":{},"branchMap":{},"s":{},"f":{},"b":{},"_coverageSchema":"332fd63041d2c1bcb487cc26dd0d5f7d97098a6c","hash":"46ca0047403d4a703c924f263ff03b29256d79fe"}
,"/Users/dimaka77/code/companySearch/src/constants/ActionConstants.js": {"path":"/Users/dimaka77/code/companySearch/src/constants/ActionConstants.js","statementMap":{"0":{"start":{"line":2,"column":27},"end":{"line":2,"column":45}},"1":{"start":{"line":3,"column":34},"end":{"line":3,"column":59}},"2":{"start":{"line":6,"column":39},"end":{"line":6,"column":69}},"3":{"start":{"line":7,"column":44},"end":{"line":7,"column":79}},"4":{"start":{"line":8,"column":44},"end":{"line":8,"column":79}},"5":{"start":{"line":9,"column":46},"end":{"line":9,"column":83}},"6":{"start":{"line":10,"column":50},"end":{"line":10,"column":91}}},"fnMap":{},"branchMap":{},"s":{"0":1,"1":1,"2":1,"3":1,"4":1,"5":1,"6":1},"f":{},"b":{},"_coverageSchema":"332fd63041d2c1bcb487cc26dd0d5f7d97098a6c","hash":"02fb5d5f86c14a8904f1b52cd302475045cd1831"}
,"/Users/dimaka77/code/companySearch/src/constants/ReducerConstants.js": {"path":"/Users/dimaka77/code/companySearch/src/constants/ReducerConstants.js","statementMap":{"0":{"start":{"line":1,"column":23},"end":{"line":1,"column":37}},"1":{"start":{"line":2,"column":28},"end":{"line":2,"column":47}}},"fnMap":{},"branchMap":{},"s":{"0":1,"1":1},"f":{},"b":{},"_coverageSchema":"332fd63041d2c1bcb487cc26dd0d5f7d97098a6c","hash":"03215f5150629178f09783e608cf096e657d3785"}
,"/Users/dimaka77/code/companySearch/src/reducers/Main.js": {"path":"/Users/dimaka77/code/companySearch/src/reducers/Main.js","statementMap":{"0":{"start":{"line":5,"column":29},"end":{"line":11,"column":1}},"1":{"start":{"line":18,"column":20},"end":{"line":21,"column":1}},"2":{"start":{"line":19,"column":4},"end":{"line":19,"column":103}},"3":{"start":{"line":20,"column":4},"end":{"line":20,"column":17}},"4":{"start":{"line":23,"column":24},"end":{"line":23,"column":86}},"5":{"start":{"line":23,"column":44},"end":{"line":23,"column":86}},"6":{"start":{"line":25,"column":23},"end":{"line":25,"column":90}},"7":{"start":{"line":25,"column":43},"end":{"line":25,"column":90}},"8":{"start":{"line":28,"column":42},"end":{"line":28,"column":48}},"9":{"start":{"line":30,"column":4},"end":{"line":43,"column":5}},"10":{"start":{"line":32,"column":12},"end":{"line":32,"column":50}},"11":{"start":{"line":34,"column":12},"end":{"line":34,"column":50}},"12":{"start":{"line":40,"column":12},"end":{"line":40,"column":45}},"13":{"start":{"line":42,"column":12},"end":{"line":42,"column":25}}},"fnMap":{"0":{"name":"(anonymous_0)","decl":{"start":{"line":18,"column":20},"end":{"line":18,"column":21}},"loc":{"start":{"line":18,"column":44},"end":{"line":21,"column":1}},"line":18},"1":{"name":"(anonymous_1)","decl":{"start":{"line":23,"column":24},"end":{"line":23,"column":25}},"loc":{"start":{"line":23,"column":44},"end":{"line":23,"column":86}},"line":23},"2":{"name":"(anonymous_2)","decl":{"start":{"line":25,"column":23},"end":{"line":25,"column":24}},"loc":{"start":{"line":25,"column":43},"end":{"line":25,"column":90}},"line":25},"3":{"name":"(anonymous_3)","decl":{"start":{"line":27,"column":15},"end":{"line":27,"column":16}},"loc":{"start":{"line":27,"column":63},"end":{"line":44,"column":1}},"line":27}},"branchMap":{"0":{"loc":{"start":{"line":18,"column":28},"end":{"line":18,"column":39}},"type":"default-arg","locations":[{"start":{"line":18,"column":37},"end":{"line":18,"column":39}}],"line":18},"1":{"loc":{"start":{"line":27,"column":24},"end":{"line":27,"column":53}},"type":"default-arg","locations":[{"start":{"line":27,"column":32},"end":{"line":27,"column":53}}],"line":27},"2":{"loc":{"start":{"line":28,"column":12},"end":{"line":28,"column":24}},"type":"default-arg","locations":[{"start":{"line":28,"column":22},"end":{"line":28,"column":24}}],"line":28},"3":{"loc":{"start":{"line":28,"column":26},"end":{"line":28,"column":37}},"type":"default-arg","locations":[{"start":{"line":28,"column":35},"end":{"line":28,"column":37}}],"line":28},"4":{"loc":{"start":{"line":30,"column":4},"end":{"line":43,"column":5}},"type":"switch","locations":[{"start":{"line":31,"column":8},"end":{"line":32,"column":50}},{"start":{"line":33,"column":8},"end":{"line":34,"column":50}},{"start":{"line":35,"column":8},"end":{"line":35,"column":49}},{"start":{"line":36,"column":8},"end":{"line":36,"column":54}},{"start":{"line":37,"column":8},"end":{"line":37,"column":54}},{"start":{"line":38,"column":8},"end":{"line":38,"column":56}},{"start":{"line":39,"column":8},"end":{"line":40,"column":45}},{"start":{"line":41,"column":8},"end":{"line":42,"column":25}}],"line":30}},"s":{"0":1,"1":1,"2":0,"3":0,"4":1,"5":0,"6":1,"7":0,"8":3,"9":3,"10":0,"11":0,"12":0,"13":3},"f":{"0":0,"1":0,"2":0,"3":3},"b":{"0":[0],"1":[3],"2":[3],"3":[3],"4":[0,0,0,0,0,0,0,3]},"_coverageSchema":"332fd63041d2c1bcb487cc26dd0d5f7d97098a6c","hash":"6e3db12fce519159e3c0cddec0b84ade207ca5aa"}
,"/Users/dimaka77/code/companySearch/src/reducers/RootReducer.js": {"path":"/Users/dimaka77/code/companySearch/src/reducers/RootReducer.js","statementMap":{"0":{"start":{"line":4,"column":20},"end":{"line":6,"column":2}}},"fnMap":{},"branchMap":{},"s":{"0":1},"f":{},"b":{},"_coverageSchema":"332fd63041d2c1bcb487cc26dd0d5f7d97098a6c","hash":"823f25763a85a343e16ed74cb642e3db94f1960e"}
}
