TN:
SF:/Users/dimaka77/code/companySearch/src/index.js
FNF:0
FNH:0
DA:1,0
DA:2,0
DA:3,0
DA:4,0
DA:5,0
DA:6,0
DA:7,0
DA:8,0
DA:9,0
DA:10,0
DA:13,0
DA:14,0
DA:15,0
DA:27,0
LF:14
LH:0
BRDA:14,0,0,0
BRDA:14,0,1,0
BRF:2
BRH:0
end_of_record
TN:
SF:/Users/dimaka77/code/companySearch/src/serviceWorker.js
FN:23,register
FN:34,(anonymous_1)
FN:43,(anonymous_2)
FN:57,registerValidSW
FN:60,(anonymous_4)
FN:61,(anonymous_5)
FN:66,(anonymous_6)
FN:96,(anonymous_7)
FN:101,checkValidServiceWorker
FN:104,(anonymous_9)
FN:112,(anonymous_10)
FN:113,(anonymous_11)
FN:122,(anonymous_12)
FN:129,unregister
FN:131,(anonymous_14)
FNF:15
FNH:0
FNDA:0,register
FNDA:0,(anonymous_1)
FNDA:0,(anonymous_2)
FNDA:0,registerValidSW
FNDA:0,(anonymous_4)
FNDA:0,(anonymous_5)
FNDA:0,(anonymous_6)
FNDA:0,(anonymous_7)
FNDA:0,checkValidServiceWorker
FNDA:0,(anonymous_9)
FNDA:0,(anonymous_10)
FNDA:0,(anonymous_11)
FNDA:0,(anonymous_12)
FNDA:0,unregister
FNDA:0,(anonymous_14)
DA:13,0
DA:24,0
DA:26,0
DA:27,0
DA:31,0
DA:34,0
DA:35,0
DA:37,0
DA:39,0
DA:43,0
DA:44,0
DA:51,0
DA:58,0
DA:61,0
DA:62,0
DA:63,0
DA:64,0
DA:66,0
DA:67,0
DA:68,0
DA:72,0
DA:78,0
DA:79,0
DA:85,0
DA:88,0
DA:89,0
DA:97,0
DA:103,0
DA:106,0
DA:107,0
DA:112,0
DA:113,0
DA:114,0
DA:119,0
DA:123,0
DA:130,0
DA:131,0
DA:132,0
LF:38
LH:0
BRDA:14,0,0,0
BRDA:14,0,1,0
BRDA:14,0,2,0
BRDA:24,1,0,0
BRDA:24,1,1,0
BRDA:24,2,0,0
BRDA:24,2,1,0
BRDA:27,3,0,0
BRDA:27,3,1,0
BRDA:37,4,0,0
BRDA:37,4,1,0
BRDA:63,5,0,0
BRDA:63,5,1,0
BRDA:67,6,0,0
BRDA:67,6,1,0
BRDA:68,7,0,0
BRDA:68,7,1,0
BRDA:78,8,0,0
BRDA:78,8,1,0
BRDA:78,9,0,0
BRDA:78,9,1,0
BRDA:88,10,0,0
BRDA:88,10,1,0
BRDA:88,11,0,0
BRDA:88,11,1,0
BRDA:107,12,0,0
BRDA:107,12,1,0
BRDA:108,13,0,0
BRDA:108,13,1,0
BRDA:108,13,2,0
BRDA:130,14,0,0
BRDA:130,14,1,0
BRF:32
BRH:0
end_of_record
TN:
SF:/Users/dimaka77/code/companySearch/src/action_creators/Main.js
FN:18,getCompanyGithubData
FN:21,(anonymous_1)
FN:22,(anonymous_2)
FN:23,(anonymous_3)
FN:37,getCompanyWikiData
FN:40,(anonymous_5)
FN:41,(anonymous_6)
FN:42,(anonymous_7)
FN:56,getCompanyRepositories
FN:59,(anonymous_9)
FN:60,(anonymous_10)
FN:61,(anonymous_11)
FN:75,processPayload
FN:85,(anonymous_13)
FN:90,setLoading
FN:102,fetch
FN:103,(anonymous_16)
FN:112,(anonymous_17)
FN:121,(anonymous_18)
FNF:19
FNH:0
FNDA:0,getCompanyGithubData
FNDA:0,(anonymous_1)
FNDA:0,(anonymous_2)
FNDA:0,(anonymous_3)
FNDA:0,getCompanyWikiData
FNDA:0,(anonymous_5)
FNDA:0,(anonymous_6)
FNDA:0,(anonymous_7)
FNDA:0,getCompanyRepositories
FNDA:0,(anonymous_9)
FNDA:0,(anonymous_10)
FNDA:0,(anonymous_11)
FNDA:0,processPayload
FNDA:0,(anonymous_13)
FNDA:0,setLoading
FNDA:0,fetch
FNDA:0,(anonymous_16)
FNDA:0,(anonymous_17)
FNDA:0,(anonymous_18)
DA:5,1
DA:9,1
DA:19,0
DA:21,0
DA:22,0
DA:24,0
DA:28,0
DA:38,0
DA:40,0
DA:41,0
DA:43,0
DA:47,0
DA:57,0
DA:59,0
DA:60,0
DA:62,0
DA:66,0
DA:76,0
DA:78,0
DA:84,0
DA:85,0
DA:91,0
DA:103,0
DA:104,0
DA:106,0
DA:111,0
DA:113,0
DA:115,0
DA:119,0
DA:122,0
DA:126,0
LF:31
LH:2
BRDA:18,0,0,0
BRDA:37,1,0,0
BRDA:56,2,0,0
BRDA:75,3,0,0
BRDA:79,4,0,0
BRDA:79,4,1,0
BRDA:79,4,2,0
BRDA:79,4,3,0
BRDA:80,5,0,0
BRDA:80,5,1,0
BRDA:80,5,2,0
BRDA:81,6,0,0
BRDA:81,6,1,0
BRDA:81,6,2,0
BRDA:90,7,0,0
BRDA:102,8,0,0
BRF:16
BRH:0
end_of_record
TN:
SF:/Users/dimaka77/code/companySearch/src/components/containers/App.js
FN:38,(anonymous_0)
FN:49,(anonymous_1)
FN:53,(anonymous_2)
FN:62,(anonymous_3)
FN:74,(anonymous_4)
FN:84,(anonymous_5)
FN:97,(anonymous_6)
FN:112,(anonymous_7)
FN:122,(anonymous_8)
FN:149,(anonymous_9)
FN:163,(anonymous_10)
FN:181,(anonymous_11)
FN:182,(anonymous_12)
FN:200,(anonymous_13)
FN:219,(anonymous_14)
FN:222,(anonymous_15)
FN:240,(anonymous_16)
FN:259,(anonymous_17)
FN:271,(anonymous_18)
FN:285,(anonymous_19)
FN:294,(anonymous_20)
FN:328,mapStateToProps
FN:337,mapDispatchToProps
FNF:23
FNH:8
FNDA:1,(anonymous_0)
FNDA:1,(anonymous_1)
FNDA:1,(anonymous_2)
FNDA:0,(anonymous_3)
FNDA:0,(anonymous_4)
FNDA:0,(anonymous_5)
FNDA:0,(anonymous_6)
FNDA:0,(anonymous_7)
FNDA:1,(anonymous_8)
FNDA:0,(anonymous_9)
FNDA:0,(anonymous_10)
FNDA:0,(anonymous_11)
FNDA:0,(anonymous_12)
FNDA:0,(anonymous_13)
FNDA:0,(anonymous_14)
FNDA:0,(anonymous_15)
FNDA:0,(anonymous_16)
FNDA:0,(anonymous_17)
FNDA:1,(anonymous_18)
FNDA:0,(anonymous_19)
FNDA:1,(anonymous_20)
FNDA:1,mapStateToProps
FNDA:1,mapDispatchToProps
DA:39,1
DA:41,1
DA:50,1
DA:54,1
DA:63,0
DA:75,0
DA:76,0
DA:88,0
DA:90,0
DA:92,0
DA:93,0
DA:96,0
DA:97,0
DA:113,0
DA:126,1
DA:128,1
DA:150,0
DA:164,0
DA:182,0
DA:183,0
DA:201,0
DA:202,0
DA:204,0
DA:220,0
DA:222,0
DA:223,0
DA:225,0
DA:226,0
DA:227,0
DA:228,0
DA:229,0
DA:230,0
DA:232,0
DA:244,0
DA:245,0
DA:247,0
DA:259,0
DA:272,1
DA:273,1
DA:274,1
DA:286,0
DA:287,0
DA:298,1
DA:300,1
DA:329,1
DA:331,1
DA:338,1
LF:47
LH:14
BRDA:75,0,0,0
BRDA:75,0,1,0
BRDA:92,1,0,0
BRDA:92,1,1,0
BRDA:129,2,0,0
BRDA:129,2,1,1
BRDA:133,3,0,0
BRDA:133,3,1,0
BRDA:149,4,0,0
BRDA:163,5,0,0
BRDA:167,6,0,0
BRDA:167,6,1,0
BRDA:181,7,0,0
BRDA:181,8,0,0
BRDA:185,9,0,0
BRDA:185,9,1,0
BRDA:200,10,0,0
BRDA:200,11,0,0
BRDA:219,12,0,0
BRDA:219,13,0,0
BRDA:225,14,0,0
BRDA:225,14,1,0
BRDA:225,15,0,0
BRDA:225,15,1,0
BRDA:227,16,0,0
BRDA:227,16,1,0
BRDA:227,17,0,0
BRDA:227,17,1,0
BRDA:229,18,0,0
BRDA:229,18,1,0
BRDA:229,19,0,0
BRDA:229,19,1,0
BRDA:273,20,0,1
BRDA:273,20,1,0
BRDA:311,21,0,1
BRDA:311,21,1,0
BRDA:317,22,0,1
BRDA:317,22,1,1
BRDA:317,22,2,1
BRDA:320,23,0,1
BRDA:320,23,1,0
BRDA:323,24,0,1
BRDA:323,24,1,1
BRF:43
BRH:9
end_of_record
TN:
SF:/Users/dimaka77/code/companySearch/src/components/containers/App.styles.js
FN:1,(anonymous_0)
FNF:1
FNH:1
FNDA:1,(anonymous_0)
DA:1,1
LF:1
LH:1
BRF:0
BRH:0
end_of_record
TN:
SF:/Users/dimaka77/code/companySearch/src/components/simple/EmptyPage.js
FN:24,(anonymous_0)
FNF:1
FNH:1
FNDA:2,(anonymous_0)
DA:7,9
DA:24,9
DA:25,2
DA:26,2
DA:30,2
DA:32,2
DA:40,9
DA:46,9
LF:8
LH:8
BRDA:30,0,0,2
BRDA:30,0,1,0
BRF:2
BRH:1
end_of_record
TN:
SF:/Users/dimaka77/code/companySearch/src/components/simple/GithubRepoItem.js
FN:9,(anonymous_0)
FN:27,(anonymous_1)
FNF:2
FNH:2
FNDA:1,(anonymous_0)
FNDA:1,(anonymous_1)
DA:9,9
DA:27,9
DA:35,1
DA:37,1
DA:72,9
DA:81,9
LF:6
LH:6
BRF:0
BRH:0
end_of_record
TN:
SF:/Users/dimaka77/code/companySearch/src/components/simple/GithubSection.js
FN:6,(anonymous_0)
FN:24,(anonymous_1)
FNF:2
FNH:2
FNDA:1,(anonymous_0)
FNDA:1,(anonymous_1)
DA:6,9
DA:24,9
DA:32,1
DA:33,1
DA:61,9
DA:70,9
LF:6
LH:6
BRDA:45,0,0,1
BRDA:45,0,1,0
BRDA:48,1,0,1
BRDA:48,1,1,0
BRDA:51,2,0,1
BRDA:51,2,1,0
BRF:6
BRH:3
end_of_record
TN:
SF:/Users/dimaka77/code/companySearch/src/components/simple/ImageEmptyState.js
FN:4,(anonymous_0)
FNF:1
FNH:1
FNDA:3,(anonymous_0)
DA:4,9
DA:5,3
DA:6,3
DA:69,9
DA:73,9
LF:5
LH:5
BRF:0
BRH:0
end_of_record
TN:
SF:/Users/dimaka77/code/companySearch/src/components/simple/ImageNoResults.js
FN:4,(anonymous_0)
FNF:1
FNH:1
FNDA:1,(anonymous_0)
DA:4,9
DA:5,1
DA:6,1
DA:51,9
DA:55,9
LF:5
LH:5
BRF:0
BRH:0
end_of_record
TN:
SF:/Users/dimaka77/code/companySearch/src/components/simple/MediaCard.js
FN:9,(anonymous_0)
FN:38,(anonymous_1)
FNF:2
FNH:2
FNDA:1,(anonymous_0)
FNDA:1,(anonymous_1)
DA:9,9
DA:38,9
DA:44,1
DA:45,1
DA:67,9
DA:74,9
LF:6
LH:6
BRF:0
BRH:0
end_of_record
TN:
SF:/Users/dimaka77/code/companySearch/src/components/simple/SearchInput.js
FN:11,(anonymous_0)
FN:38,(anonymous_1)
FN:74,(anonymous_2)
FN:75,(anonymous_3)
FNF:4
FNH:2
FNDA:4,(anonymous_0)
FNDA:2,(anonymous_1)
FNDA:0,(anonymous_2)
FNDA:0,(anonymous_3)
DA:11,9
DA:38,9
DA:46,2
DA:47,2
DA:70,9
DA:79,9
LF:6
LH:6
BRDA:11,0,0,0
BRDA:18,1,0,4
BRDA:18,1,1,2
BRDA:66,2,0,2
BRDA:66,2,1,0
BRF:5
BRH:3
end_of_record
TN:
SF:/Users/dimaka77/code/companySearch/src/components/simple/WikiSection.js
FN:5,(anonymous_0)
FN:14,(anonymous_1)
FNF:2
FNH:2
FNDA:1,(anonymous_0)
FNDA:1,(anonymous_1)
DA:5,9
DA:14,9
DA:19,1
DA:20,1
DA:29,9
DA:35,9
LF:6
LH:6
BRF:0
BRH:0
end_of_record
TN:
SF:/Users/dimaka77/code/companySearch/src/components/simple/index.js
FNF:0
FNH:0
LF:0
LH:0
BRF:0
BRH:0
end_of_record
TN:
SF:/Users/dimaka77/code/companySearch/src/constants/ActionConstants.js
FNF:0
FNH:0
DA:2,1
DA:3,1
DA:6,1
DA:7,1
DA:8,1
DA:9,1
DA:10,1
LF:7
LH:7
BRF:0
BRH:0
end_of_record
TN:
SF:/Users/dimaka77/code/companySearch/src/constants/ReducerConstants.js
FNF:0
FNH:0
DA:1,1
DA:2,1
LF:2
LH:2
BRF:0
BRH:0
end_of_record
TN:
SF:/Users/dimaka77/code/companySearch/src/reducers/Main.js
FN:18,(anonymous_0)
FN:23,(anonymous_1)
FN:25,(anonymous_2)
FN:27,(anonymous_3)
FNF:4
FNH:1
FNDA:0,(anonymous_0)
FNDA:0,(anonymous_1)
FNDA:0,(anonymous_2)
FNDA:3,(anonymous_3)
DA:5,1
DA:18,1
DA:19,0
DA:20,0
DA:23,1
DA:25,1
DA:28,3
DA:30,3
DA:32,0
DA:34,0
DA:40,0
DA:42,3
LF:12
LH:7
BRDA:18,0,0,0
BRDA:27,1,0,3
BRDA:28,2,0,3
BRDA:28,3,0,3
BRDA:30,4,0,0
BRDA:30,4,1,0
BRDA:30,4,2,0
BRDA:30,4,3,0
BRDA:30,4,4,0
BRDA:30,4,5,0
BRDA:30,4,6,0
BRDA:30,4,7,3
BRF:12
BRH:4
end_of_record
TN:
SF:/Users/dimaka77/code/companySearch/src/reducers/RootReducer.js
FNF:0
FNH:0
DA:4,1
LF:1
LH:1
BRF:0
BRH:0
end_of_record
